<?xml version="1.0" encoding="UTF-8"?>
<!-- Generated by org.testng.reporters.JUnitXMLReporter -->
<testsuite ignored="0" hostname="IN01N02055" failures="0" tests="6" name="Default test" time="51.102" errors="0" timestamp="2020-03-10T13:04:21 IST">
  <testcase classname="com.ivy.qa.testcases.RunTournamentTest" name="GoToBackOfficePage" time="0.568"/>
  <testcase classname="com.ivy.qa.testcases.RunTournamentTest" name="Login" time="3.405"/>
  <testcase classname="com.ivy.qa.testcases.RunTournamentTest" name="clickOnAdminTools" time="0.091"/>
  <testcase classname="com.ivy.qa.testcases.RunTournamentTest" name="clickOnGameConfig" time="0.484"/>
  <testcase classname="com.ivy.qa.testcases.RunTournamentTest" name="showScheduleForCreatedTemplate" time="0.982"/>
  <testcase classname="com.ivy.qa.testcases.RunTournamentTest" name="runTournament" time="40.492"/>
</testsuite> <!-- Default test -->
