<?xml version="1.0" encoding="UTF-8"?>
<!-- Generated by org.testng.reporters.JUnitXMLReporter -->
<testsuite ignored="0" hostname="IN01N02055" failures="0" tests="6" name="Approve Created MTCT Template" time="8.767" errors="0" timestamp="2020-03-10T18:50:20 IST">
  <testcase classname="com.ivy.qa.testcases.QuickApproveTest" name="GoToBackOfficePage" time="0.476"/>
  <testcase classname="com.ivy.qa.testcases.QuickApproveTest" name="Login" time="1.564"/>
  <testcase classname="com.ivy.qa.testcases.QuickApproveTest" name="clickOnAdminTools" time="0.059"/>
  <testcase classname="com.ivy.qa.testcases.QuickApproveTest" name="clickOnGameConfig" time="0.301"/>
  <testcase classname="com.ivy.qa.testcases.QuickApproveTest" name="clickOnApprovalQueue" time="0.127"/>
  <testcase classname="com.ivy.qa.testcases.QuickApproveTest" name="approveTemplate" time="2.211"/>
</testsuite> <!-- Approve Created MTCT Template -->
