<?xml version="1.0" encoding="UTF-8"?>
<!-- Generated by org.testng.reporters.JUnitXMLReporter -->
<testsuite ignored="0" hostname="IN01N02055" failures="0" tests="6" name="Approve Created MTCT Template" time="15.005" errors="0" timestamp="2020-03-19T18:57:48 IST">
  <testcase classname="com.ivy.qa.testcases.QuickApproveTest" name="GoToBackOfficePage" time="1.476"/>
  <testcase classname="com.ivy.qa.testcases.QuickApproveTest" name="Login" time="2.772"/>
  <testcase classname="com.ivy.qa.testcases.QuickApproveTest" name="clickOnAdminTools" time="0.77"/>
  <testcase classname="com.ivy.qa.testcases.QuickApproveTest" name="clickOnGameConfig" time="0.729"/>
  <testcase classname="com.ivy.qa.testcases.QuickApproveTest" name="clickOnApprovalQueue" time="0.338"/>
  <testcase classname="com.ivy.qa.testcases.QuickApproveTest" name="approveTemplate" time="3.516"/>
</testsuite> <!-- Approve Created MTCT Template -->
