<?xml version="1.0" encoding="UTF-8"?>
<!-- Generated by org.testng.reporters.JUnitXMLReporter -->
<testsuite ignored="0" hostname="IN01N02055" failures="0" tests="8" name="Create MTCT Template" time="38.608" errors="0" timestamp="2020-03-10T18:50:11 IST">
  <testcase classname="com.ivy.qa.testcases.TournamentCreationTest" name="GoToBackOfficePage" time="0.453"/>
  <testcase classname="com.ivy.qa.testcases.TournamentCreationTest" name="Login" time="1.418"/>
  <testcase classname="com.ivy.qa.testcases.TournamentCreationTest" name="clickOnAdminTools" time="0.237"/>
  <testcase classname="com.ivy.qa.testcases.TournamentCreationTest" name="clickOnGameConfig" time="0.343"/>
  <testcase classname="com.ivy.qa.testcases.TournamentCreationTest" name="clickOnMTCTAdmin" time="0.114"/>
  <testcase classname="com.ivy.qa.testcases.TournamentCreationTest" name="clickOnMTCTTemplates" time="0.082"/>
  <testcase classname="com.ivy.qa.testcases.TournamentCreationTest" name="clickOnCreateTemplate" time="0.085"/>
  <testcase classname="com.ivy.qa.testcases.TournamentCreationTest" name="createTemplate" time="30.275"/>
</testsuite> <!-- Create MTCT Template -->
