<?xml version="1.0" encoding="UTF-8"?>
<!-- Generated by org.testng.reporters.JUnitXMLReporter -->
<testsuite ignored="0" hostname="IN01N02055" failures="0" tests="8" name="Create MTCT Template" time="67.489" errors="0" timestamp="2020-03-19T18:57:33 IST">
  <testcase classname="com.ivy.qa.testcases.TournamentCreationTest" name="GoToBackOfficePage" time="1.696"/>
  <testcase classname="com.ivy.qa.testcases.TournamentCreationTest" name="Login" time="2.872"/>
  <testcase classname="com.ivy.qa.testcases.TournamentCreationTest" name="clickOnAdminTools" time="1.037"/>
  <testcase classname="com.ivy.qa.testcases.TournamentCreationTest" name="clickOnGameConfig" time="0.873"/>
  <testcase classname="com.ivy.qa.testcases.TournamentCreationTest" name="clickOnMTCTAdmin" time="0.208"/>
  <testcase classname="com.ivy.qa.testcases.TournamentCreationTest" name="clickOnMTCTTemplates" time="0.23"/>
  <testcase classname="com.ivy.qa.testcases.TournamentCreationTest" name="clickOnCreateTemplate" time="0.207"/>
  <testcase classname="com.ivy.qa.testcases.TournamentCreationTest" name="createTemplate" time="50.7"/>
</testsuite> <!-- Create MTCT Template -->
