<?xml version="1.0" encoding="UTF-8"?>
<!-- Generated by org.testng.reporters.JUnitXMLReporter -->
<testsuite ignored="0" hostname="IN01N02055" failures="0" tests="6" name="Open ScheduleId,Click on Instance and Run tournament" time="40.091" errors="0" timestamp="2020-03-10T18:51:00 IST">
  <testcase classname="com.ivy.qa.testcases.RunTournamentTest" name="GoToBackOfficePage" time="0.479"/>
  <testcase classname="com.ivy.qa.testcases.RunTournamentTest" name="Login" time="0.952"/>
  <testcase classname="com.ivy.qa.testcases.RunTournamentTest" name="clickOnAdminTools" time="0.089"/>
  <testcase classname="com.ivy.qa.testcases.RunTournamentTest" name="clickOnGameConfig" time="0.548"/>
  <testcase classname="com.ivy.qa.testcases.RunTournamentTest" name="showScheduleForCreatedTemplate" time="0.785"/>
  <testcase classname="com.ivy.qa.testcases.RunTournamentTest" name="runTournament" time="33.979"/>
</testsuite> <!-- Open ScheduleId,Click on Instance and Run tournament -->
