<?xml version="1.0" encoding="UTF-8"?>
<!-- Generated by org.testng.reporters.JUnitXMLReporter -->
<testsuite ignored="0" hostname="IN01N02055" failures="0" tests="6" name="Open ScheduleId,Click on Instance and Run tournament" time="59.772" errors="0" timestamp="2020-03-19T18:58:48 IST">
  <testcase classname="com.ivy.qa.testcases.RunTournamentTest" name="GoToBackOfficePage" time="1.449"/>
  <testcase classname="com.ivy.qa.testcases.RunTournamentTest" name="Login" time="2.689"/>
  <testcase classname="com.ivy.qa.testcases.RunTournamentTest" name="clickOnAdminTools" time="0.646"/>
  <testcase classname="com.ivy.qa.testcases.RunTournamentTest" name="clickOnGameConfig" time="0.787"/>
  <testcase classname="com.ivy.qa.testcases.RunTournamentTest" name="showScheduleForCreatedTemplate" time="1.487"/>
  <testcase classname="com.ivy.qa.testcases.RunTournamentTest" name="runTournament" time="48.43"/>
</testsuite> <!-- Open ScheduleId,Click on Instance and Run tournament -->
