<?xml version="1.0" encoding="UTF-8"?>
<testng-results ignored="0" total="20" passed="20" failed="0" skipped="0">
  <reporter-output>
  </reporter-output>
  <suite started-at="2020-03-19T18:56:25 IST" name="com.ivy.qa.testcases" finished-at="2020-03-19T18:58:48 IST" duration-ms="142404">
    <groups>
    </groups>
    <test started-at="2020-03-19T18:56:25 IST" name="Create MTCT Template" finished-at="2020-03-19T18:57:33 IST" duration-ms="67489">
      <class name="com.ivy.qa.testcases.TournamentCreationTest">
        <test-method is-config="true" signature="setup()[pri:0, instance:com.ivy.qa.testcases.TournamentCreationTest@77167fb7]" started-at="2020-03-19T18:56:25 IST" name="setup" finished-at="2020-03-19T18:56:34 IST" duration-ms="8584" status="PASS">
          <reporter-output>
          </reporter-output>
        </test-method> <!-- setup -->
        <test-method signature="GoToBackOfficePage()[pri:1, instance:com.ivy.qa.testcases.TournamentCreationTest@77167fb7]" started-at="2020-03-19T18:56:34 IST" name="GoToBackOfficePage" finished-at="2020-03-19T18:56:36 IST" duration-ms="1696" status="PASS">
          <reporter-output>
          </reporter-output>
        </test-method> <!-- GoToBackOfficePage -->
        <test-method signature="Login()[pri:2, instance:com.ivy.qa.testcases.TournamentCreationTest@77167fb7]" started-at="2020-03-19T18:56:36 IST" name="Login" finished-at="2020-03-19T18:56:39 IST" duration-ms="2872" status="PASS">
          <reporter-output>
          </reporter-output>
        </test-method> <!-- Login -->
        <test-method signature="clickOnAdminTools()[pri:3, instance:com.ivy.qa.testcases.TournamentCreationTest@77167fb7]" started-at="2020-03-19T18:56:39 IST" name="clickOnAdminTools" finished-at="2020-03-19T18:56:40 IST" duration-ms="1037" status="PASS">
          <reporter-output>
          </reporter-output>
        </test-method> <!-- clickOnAdminTools -->
        <test-method signature="clickOnGameConfig()[pri:4, instance:com.ivy.qa.testcases.TournamentCreationTest@77167fb7]" started-at="2020-03-19T18:56:40 IST" name="clickOnGameConfig" finished-at="2020-03-19T18:56:40 IST" duration-ms="873" status="PASS">
          <reporter-output>
          </reporter-output>
        </test-method> <!-- clickOnGameConfig -->
        <test-method signature="clickOnMTCTAdmin()[pri:5, instance:com.ivy.qa.testcases.TournamentCreationTest@77167fb7]" started-at="2020-03-19T18:56:40 IST" name="clickOnMTCTAdmin" finished-at="2020-03-19T18:56:41 IST" duration-ms="208" status="PASS">
          <reporter-output>
          </reporter-output>
        </test-method> <!-- clickOnMTCTAdmin -->
        <test-method signature="clickOnMTCTTemplates()[pri:6, instance:com.ivy.qa.testcases.TournamentCreationTest@77167fb7]" started-at="2020-03-19T18:56:41 IST" name="clickOnMTCTTemplates" finished-at="2020-03-19T18:56:41 IST" duration-ms="230" status="PASS">
          <reporter-output>
          </reporter-output>
        </test-method> <!-- clickOnMTCTTemplates -->
        <test-method signature="clickOnCreateTemplate()[pri:7, instance:com.ivy.qa.testcases.TournamentCreationTest@77167fb7]" started-at="2020-03-19T18:56:41 IST" name="clickOnCreateTemplate" finished-at="2020-03-19T18:56:41 IST" duration-ms="207" status="PASS">
          <reporter-output>
          </reporter-output>
        </test-method> <!-- clickOnCreateTemplate -->
        <test-method signature="createTemplate()[pri:8, instance:com.ivy.qa.testcases.TournamentCreationTest@77167fb7]" started-at="2020-03-19T18:56:41 IST" name="createTemplate" finished-at="2020-03-19T18:57:32 IST" duration-ms="50700" status="PASS">
          <reporter-output>
          </reporter-output>
        </test-method> <!-- createTemplate -->
        <test-method is-config="true" signature="tearDown()[pri:0, instance:com.ivy.qa.testcases.TournamentCreationTest@77167fb7]" started-at="2020-03-19T18:57:32 IST" name="tearDown" finished-at="2020-03-19T18:57:33 IST" duration-ms="942" status="PASS">
          <reporter-output>
          </reporter-output>
        </test-method> <!-- tearDown -->
      </class> <!-- com.ivy.qa.testcases.TournamentCreationTest -->
    </test> <!-- Create MTCT Template -->
    <test started-at="2020-03-19T18:57:33 IST" name="Approve Created MTCT Template" finished-at="2020-03-19T18:57:48 IST" duration-ms="15005">
      <class name="com.ivy.qa.testcases.QuickApproveTest">
        <test-method is-config="true" signature="setup()[pri:0, instance:com.ivy.qa.testcases.QuickApproveTest@7f010382]" started-at="2020-03-19T18:57:33 IST" name="setup" finished-at="2020-03-19T18:57:37 IST" duration-ms="4202" status="PASS">
          <reporter-output>
          </reporter-output>
        </test-method> <!-- setup -->
        <test-method signature="GoToBackOfficePage()[pri:1, instance:com.ivy.qa.testcases.QuickApproveTest@7f010382]" started-at="2020-03-19T18:57:37 IST" name="GoToBackOfficePage" finished-at="2020-03-19T18:57:39 IST" duration-ms="1476" status="PASS">
          <reporter-output>
          </reporter-output>
        </test-method> <!-- GoToBackOfficePage -->
        <test-method signature="Login()[pri:2, instance:com.ivy.qa.testcases.QuickApproveTest@7f010382]" started-at="2020-03-19T18:57:39 IST" name="Login" finished-at="2020-03-19T18:57:41 IST" duration-ms="2772" status="PASS">
          <reporter-output>
          </reporter-output>
        </test-method> <!-- Login -->
        <test-method signature="clickOnAdminTools()[pri:3, instance:com.ivy.qa.testcases.QuickApproveTest@7f010382]" started-at="2020-03-19T18:57:41 IST" name="clickOnAdminTools" finished-at="2020-03-19T18:57:42 IST" duration-ms="770" status="PASS">
          <reporter-output>
          </reporter-output>
        </test-method> <!-- clickOnAdminTools -->
        <test-method signature="clickOnGameConfig()[pri:4, instance:com.ivy.qa.testcases.QuickApproveTest@7f010382]" started-at="2020-03-19T18:57:42 IST" name="clickOnGameConfig" finished-at="2020-03-19T18:57:43 IST" duration-ms="729" status="PASS">
          <reporter-output>
          </reporter-output>
        </test-method> <!-- clickOnGameConfig -->
        <test-method signature="clickOnApprovalQueue()[pri:5, instance:com.ivy.qa.testcases.QuickApproveTest@7f010382]" started-at="2020-03-19T18:57:43 IST" name="clickOnApprovalQueue" finished-at="2020-03-19T18:57:43 IST" duration-ms="338" status="PASS">
          <reporter-output>
          </reporter-output>
        </test-method> <!-- clickOnApprovalQueue -->
        <test-method signature="approveTemplate()[pri:6, instance:com.ivy.qa.testcases.QuickApproveTest@7f010382]" started-at="2020-03-19T18:57:43 IST" name="approveTemplate" finished-at="2020-03-19T18:57:47 IST" duration-ms="3516" status="PASS">
          <reporter-output>
          </reporter-output>
        </test-method> <!-- approveTemplate -->
        <test-method is-config="true" signature="tearDown()[pri:0, instance:com.ivy.qa.testcases.QuickApproveTest@7f010382]" started-at="2020-03-19T18:57:47 IST" name="tearDown" finished-at="2020-03-19T18:57:48 IST" duration-ms="1173" status="PASS">
          <reporter-output>
          </reporter-output>
        </test-method> <!-- tearDown -->
      </class> <!-- com.ivy.qa.testcases.QuickApproveTest -->
    </test> <!-- Approve Created MTCT Template -->
    <test started-at="2020-03-19T18:57:48 IST" name="Open ScheduleId,Click on Instance and Run tournament" finished-at="2020-03-19T18:58:48 IST" duration-ms="59772">
      <class name="com.ivy.qa.testcases.RunTournamentTest">
        <test-method is-config="true" signature="setup()[pri:0, instance:com.ivy.qa.testcases.RunTournamentTest@5ccddd20]" started-at="2020-03-19T18:57:48 IST" name="setup" finished-at="2020-03-19T18:57:52 IST" duration-ms="4266" status="PASS">
          <reporter-output>
          </reporter-output>
        </test-method> <!-- setup -->
        <test-method signature="GoToBackOfficePage()[pri:1, instance:com.ivy.qa.testcases.RunTournamentTest@5ccddd20]" started-at="2020-03-19T18:57:52 IST" name="GoToBackOfficePage" finished-at="2020-03-19T18:57:54 IST" duration-ms="1449" status="PASS">
          <reporter-output>
          </reporter-output>
        </test-method> <!-- GoToBackOfficePage -->
        <test-method signature="Login()[pri:2, instance:com.ivy.qa.testcases.RunTournamentTest@5ccddd20]" started-at="2020-03-19T18:57:54 IST" name="Login" finished-at="2020-03-19T18:57:56 IST" duration-ms="2689" status="PASS">
          <reporter-output>
          </reporter-output>
        </test-method> <!-- Login -->
        <test-method signature="clickOnAdminTools()[pri:3, instance:com.ivy.qa.testcases.RunTournamentTest@5ccddd20]" started-at="2020-03-19T18:57:56 IST" name="clickOnAdminTools" finished-at="2020-03-19T18:57:57 IST" duration-ms="646" status="PASS">
          <reporter-output>
          </reporter-output>
        </test-method> <!-- clickOnAdminTools -->
        <test-method signature="clickOnGameConfig()[pri:4, instance:com.ivy.qa.testcases.RunTournamentTest@5ccddd20]" started-at="2020-03-19T18:57:57 IST" name="clickOnGameConfig" finished-at="2020-03-19T18:57:58 IST" duration-ms="787" status="PASS">
          <reporter-output>
          </reporter-output>
        </test-method> <!-- clickOnGameConfig -->
        <test-method signature="showScheduleForCreatedTemplate()[pri:5, instance:com.ivy.qa.testcases.RunTournamentTest@5ccddd20]" started-at="2020-03-19T18:57:58 IST" name="showScheduleForCreatedTemplate" finished-at="2020-03-19T18:57:59 IST" duration-ms="1487" status="PASS">
          <reporter-output>
          </reporter-output>
        </test-method> <!-- showScheduleForCreatedTemplate -->
        <test-method signature="runTournament()[pri:6, instance:com.ivy.qa.testcases.RunTournamentTest@5ccddd20]" started-at="2020-03-19T18:57:59 IST" name="runTournament" finished-at="2020-03-19T18:58:48 IST" duration-ms="48430" status="PASS">
          <reporter-output>
          </reporter-output>
        </test-method> <!-- runTournament -->
      </class> <!-- com.ivy.qa.testcases.RunTournamentTest -->
    </test> <!-- Open ScheduleId,Click on Instance and Run tournament -->
  </suite> <!-- com.ivy.qa.testcases -->
</testng-results>
